2024-01-31T20:50:59.020+07:00  INFO 63866 --- [main] lavalink.server.Launcher                 : Starting Launcher v4.0.0 using Java 21.0.2 with PID 63866 (/Users/athachai/Documents/personal/chalerm-bot/Lavalink.jar started by athachai in /Users/athachai/Documents/personal/chalerm-bot)
2024-01-31T20:50:59.024+07:00  INFO 63866 --- [main] lavalink.server.Launcher                 : No active profile set, falling back to 1 default profile: "default"
2024-01-31T20:50:59.486+07:00  INFO 63866 --- [main] l.server.bootstrap.PluginManager         : Found plugin 'lavasrc-plugin' version 4.0.0-beta.7
2024-01-31T20:50:59.538+07:00  INFO 63866 --- [main] l.server.bootstrap.PluginManager         : Loaded lavasrc-plugin-4.0.0-beta.7.jar (123 classes)
2024-01-31T20:50:59.539+07:00  INFO 63866 --- [main] l.server.bootstrap.PluginManager         : Found plugin 'lavasearch-plugin' version 1.0.0-beta.2
2024-01-31T20:50:59.547+07:00  INFO 63866 --- [main] l.server.bootstrap.PluginManager         : Loaded lavasearch-plugin-1.0.0-beta.2.jar (20 classes)
2024-01-31T20:50:59.620+07:00  INFO 63866 --- [main] lavalink.server.Launcher                 : Started Launcher in 0.874 seconds (process running for 1.184)
2024-01-31T20:50:59.622+07:00  INFO 63866 --- [main] lavalink.server.Launcher                 : You can safely ignore the big red warning about illegal reflection. See https://github.com/lavalink-devs/Lavalink/issues/295
2024-01-31T20:50:59.654+07:00  INFO 63866 --- [main] lavalink.server.Launcher                 : 

[32m       .  [31m _                  _ _       _    [32m__ _ _
[32m      /\\ [31m| | __ ___   ____ _| (_)_ __ | | __[32m\ \ \ \
[32m     ( ( )[31m| |/ _` \ \ / / _` | | | '_ \| |/ /[32m \ \ \ \
[32m      \\/ [31m| | (_| |\ V / (_| | | | | | |   < [32m  ) ) ) )
[32m       '  [31m|_|\__,_| \_/ \__,_|_|_|_| |_|_|\_\[32m / / / /
[0m    =========================================[32m/_/_/_/[0m

	Version:        4.0.0
	Build time:     03.12.2023 14:46:34 UTC
	Branch          HEAD
	Commit:         acc6069
	Commit time:    03.12.2023 14:45:17 UTC
	JVM:            21.0.2
	Lavaplayer      2.0.4

2024-01-31T20:50:59.659+07:00  INFO 63866 --- [main] lavalink.server.Launcher                 : No active profile set, falling back to 1 default profile: "default"
2024-01-31T20:51:00.038+07:00  WARN 63866 --- [main] io.undertow.websockets.jsr               : UT026010: Buffer pool was not set on WebSocketDeploymentInfo, the default pool will be used
2024-01-31T20:51:00.054+07:00  INFO 63866 --- [main] io.undertow.servlet                      : Initializing Spring embedded WebApplicationContext
2024-01-31T20:51:00.054+07:00  INFO 63866 --- [main] w.s.c.ServletWebServerApplicationContext : Root WebApplicationContext: initialization completed in 391 ms
2024-01-31T20:51:00.096+07:00  INFO 63866 --- [main] c.g.t.lavasrc.plugin.LavaSrcPlugin       : Loading LavaSrc plugin...
2024-01-31T20:51:00.121+07:00  INFO 63866 --- [main] c.s.d.l.tools.GarbageCollectionMonitor   : GC monitoring enabled, reporting results every 2 minutes.
2024-01-31T20:51:01.034+07:00  INFO 63866 --- [main] l.server.config.KoeConfiguration         : OS: DARWIN, Arch: ARMv8_64
2024-01-31T20:51:01.035+07:00  INFO 63866 --- [main] l.server.config.KoeConfiguration         : Enabling JDA-NAS
2024-01-31T20:51:01.036+07:00  INFO 63866 --- [main] c.s.l.c.natives.NativeLibraryLoader      : Native library udpqueue: loading with filter null
2024-01-31T20:51:01.776+07:00  INFO 63866 --- [main] c.s.l.c.natives.NativeLibraryLoader      : Native library udpqueue: successfully loaded.
2024-01-31T20:51:01.815+07:00  WARN 63866 --- [main] l.server.config.SentryConfiguration      : Turning off sentry
2024-01-31T20:51:01.967+07:00  INFO 63866 --- [main] io.undertow                              : starting server: Undertow - 2.3.6.Final
2024-01-31T20:51:01.972+07:00  INFO 63866 --- [main] org.xnio                                 : XNIO version 3.8.8.Final
2024-01-31T20:51:01.978+07:00  INFO 63866 --- [main] org.xnio.nio                             : XNIO NIO Implementation Version 3.8.8.Final
2024-01-31T20:51:02.035+07:00  INFO 63866 --- [main] org.jboss.threads                        : JBoss Threads version 3.5.0.Final
2024-01-31T20:51:02.080+07:00  INFO 63866 --- [main] o.s.b.w.e.undertow.UndertowWebServer     : Undertow started on port(s) 2333 (http)
2024-01-31T20:51:02.083+07:00  INFO 63866 --- [main] lavalink.server.Launcher                 : Started Launcher in 2.458 seconds (process running for 3.647)
2024-01-31T20:51:02.083+07:00  INFO 63866 --- [main] lavalink.server.Launcher                 : Lavalink is ready to accept connections.
2024-01-31T20:54:02.669+07:00  INFO 63866 --- [XNIO-1 task-2] io.undertow.servlet                      : Initializing Spring DispatcherServlet 'dispatcherServlet'
2024-01-31T20:54:02.670+07:00  INFO 63866 --- [XNIO-1 task-2] o.s.web.servlet.DispatcherServlet        : Initializing Servlet 'dispatcherServlet'
2024-01-31T20:54:02.672+07:00  INFO 63866 --- [XNIO-1 task-2] o.s.web.servlet.DispatcherServlet        : Completed initialization in 2 ms
2024-01-31T20:54:02.684+07:00  WARN 63866 --- [XNIO-1 task-2] o.s.web.servlet.PageNotFound             : No mapping for GET /
2024-01-31T20:54:02.686+07:00  INFO 63866 --- [XNIO-1 task-2] l.server.io.RequestLoggingFilter         : GET /, client=0:0:0:0:0:0:0:1
2024-01-31T20:54:02.761+07:00  WARN 63866 --- [XNIO-1 task-2] o.s.web.servlet.PageNotFound             : No mapping for GET /favicon.ico
2024-01-31T20:54:02.762+07:00  INFO 63866 --- [XNIO-1 task-2] l.server.io.RequestLoggingFilter         : GET /favicon.ico, client=0:0:0:0:0:0:0:1
2024-01-31T20:54:13.116+07:00  WARN 63866 --- [XNIO-1 task-2] o.s.web.servlet.PageNotFound             : No mapping for GET /
2024-01-31T20:54:13.117+07:00  INFO 63866 --- [XNIO-1 task-2] l.server.io.RequestLoggingFilter         : GET /, client=0:0:0:0:0:0:0:1
2024-01-31T23:40:11.364+07:00  INFO 63866 --- [SpringApplicationShutdownHook] io.undertow                              : stopping server: Undertow - 2.3.6.Final
2024-01-31T23:40:11.374+07:00  INFO 63866 --- [SpringApplicationShutdownHook] io.undertow.servlet                      : Destroying Spring FrameworkServlet 'dispatcherServlet'
2024-01-31T23:40:11.379+07:00  INFO 63866 --- [SpringApplicationShutdownHook] c.s.d.l.tools.GarbageCollectionMonitor   : GC monitoring disabled.
